{"C:\\dev\\provisioning-api\\src\\index.js": {"path":"C:\\dev\\provisioning-api\\src\\index.js","statementMap":{"0":{"start":{"line":11,"column":0},"end":{"line":11,"column":22}},"1":{"start":{"line":12,"column":12},"end":{"line":12,"column":21}},"2":{"start":{"line":13,"column":0},"end":{"line":13,"column":24}},"3":{"start":{"line":14,"column":0},"end":{"line":14,"column":52}},"4":{"start":{"line":15,"column":0},"end":{"line":15,"column":26}},"5":{"start":{"line":16,"column":0},"end":{"line":16,"column":57}},"6":{"start":{"line":19,"column":0},"end":{"line":19,"column":51}},"7":{"start":{"line":20,"column":0},"end":{"line":20,"column":41}},"8":{"start":{"line":21,"column":0},"end":{"line":21,"column":44}},"9":{"start":{"line":22,"column":0},"end":{"line":22,"column":49}},"10":{"start":{"line":23,"column":0},"end":{"line":23,"column":43}},"11":{"start":{"line":25,"column":0},"end":{"line":25,"column":44}},"12":{"start":{"line":25,"column":27},"end":{"line":25,"column":42}},"13":{"start":{"line":27,"column":0},"end":{"line":27,"column":25}},"14":{"start":{"line":28,"column":0},"end":{"line":28,"column":41}}},"fnMap":{"0":{"name":"(anonymous_0)","decl":{"start":{"line":25,"column":13},"end":{"line":25,"column":14}},"loc":{"start":{"line":25,"column":27},"end":{"line":25,"column":42}},"line":25}},"branchMap":{},"s":{"0":1,"1":1,"2":1,"3":1,"4":1,"5":1,"6":1,"7":1,"8":1,"9":1,"10":1,"11":1,"12":1,"13":1,"14":1},"f":{"0":1},"b":{},"_coverageSchema":"332fd63041d2c1bcb487cc26dd0d5f7d97098a6c","hash":"840870c1689720c1c4c76fc24c72cb013271c7c4"}
,"C:\\dev\\provisioning-api\\src\\controllers\\index.js": {"path":"C:\\dev\\provisioning-api\\src\\controllers\\index.js","statementMap":{},"fnMap":{},"branchMap":{},"s":{},"f":{},"b":{},"_coverageSchema":"332fd63041d2c1bcb487cc26dd0d5f7d97098a6c","hash":"b7c767a0152ca9995e96192d8bc9c0339a1a7b83"}
,"C:\\dev\\provisioning-api\\src\\controllers\\serviceProvider.js": {"path":"C:\\dev\\provisioning-api\\src\\controllers\\serviceProvider.js","statementMap":{"0":{"start":{"line":9,"column":4},"end":{"line":9,"column":32}},"1":{"start":{"line":10,"column":4},"end":{"line":10,"column":35}},"2":{"start":{"line":13,"column":4},"end":{"line":16,"column":7}},"3":{"start":{"line":14,"column":6},"end":{"line":14,"column":51}},"4":{"start":{"line":14,"column":24},"end":{"line":14,"column":51}},"5":{"start":{"line":15,"column":6},"end":{"line":15,"column":36}},"6":{"start":{"line":19,"column":20},"end":{"line":19,"column":46}},"7":{"start":{"line":20,"column":4},"end":{"line":53,"column":7}},"8":{"start":{"line":21,"column":6},"end":{"line":21,"column":51}},"9":{"start":{"line":21,"column":24},"end":{"line":21,"column":51}},"10":{"start":{"line":24,"column":29},"end":{"line":24,"column":31}},"11":{"start":{"line":25,"column":6},"end":{"line":27,"column":9}},"12":{"start":{"line":26,"column":8},"end":{"line":26,"column":38}},"13":{"start":{"line":30,"column":6},"end":{"line":52,"column":9}},"14":{"start":{"line":37,"column":22},"end":{"line":46,"column":9}},"15":{"start":{"line":47,"column":8},"end":{"line":50,"column":11}},"16":{"start":{"line":51,"column":8},"end":{"line":51,"column":50}},"17":{"start":{"line":56,"column":4},"end":{"line":68,"column":6}},"18":{"start":{"line":61,"column":8},"end":{"line":65,"column":9}},"19":{"start":{"line":62,"column":10},"end":{"line":64,"column":68}},"20":{"start":{"line":66,"column":8},"end":{"line":66,"column":26}},"21":{"start":{"line":71,"column":4},"end":{"line":93,"column":6}},"22":{"start":{"line":76,"column":8},"end":{"line":78,"column":9}},"23":{"start":{"line":77,"column":10},"end":{"line":77,"column":53}},"24":{"start":{"line":80,"column":8},"end":{"line":80,"column":71}},"25":{"start":{"line":82,"column":8},"end":{"line":91,"column":10}},"26":{"start":{"line":86,"column":12},"end":{"line":88,"column":13}},"27":{"start":{"line":87,"column":14},"end":{"line":87,"column":41}},"28":{"start":{"line":89,"column":12},"end":{"line":89,"column":43}}},"fnMap":{"0":{"name":"(anonymous_0)","decl":{"start":{"line":13,"column":41},"end":{"line":13,"column":42}},"loc":{"start":{"line":13,"column":60},"end":{"line":16,"column":5}},"line":13},"1":{"name":"(anonymous_1)","decl":{"start":{"line":20,"column":33},"end":{"line":20,"column":34}},"loc":{"start":{"line":20,"column":56},"end":{"line":53,"column":5}},"line":20},"2":{"name":"(anonymous_2)","decl":{"start":{"line":25,"column":59},"end":{"line":25,"column":60}},"loc":{"start":{"line":25,"column":77},"end":{"line":27,"column":7}},"line":25},"3":{"name":"(anonymous_3)","decl":{"start":{"line":35,"column":16},"end":{"line":35,"column":17}},"loc":{"start":{"line":35,"column":24},"end":{"line":52,"column":7}},"line":35},"4":{"name":"(anonymous_4)","decl":{"start":{"line":60,"column":6},"end":{"line":60,"column":7}},"loc":{"start":{"line":60,"column":24},"end":{"line":67,"column":7}},"line":60},"5":{"name":"(anonymous_5)","decl":{"start":{"line":75,"column":6},"end":{"line":75,"column":7}},"loc":{"start":{"line":75,"column":24},"end":{"line":92,"column":7}},"line":75},"6":{"name":"(anonymous_6)","decl":{"start":{"line":85,"column":10},"end":{"line":85,"column":11}},"loc":{"start":{"line":85,"column":32},"end":{"line":90,"column":11}},"line":85}},"branchMap":{"0":{"loc":{"start":{"line":14,"column":6},"end":{"line":14,"column":51}},"type":"if","locations":[{"start":{"line":14,"column":6},"end":{"line":14,"column":51}},{"start":{"line":14,"column":6},"end":{"line":14,"column":51}}],"line":14},"1":{"loc":{"start":{"line":21,"column":6},"end":{"line":21,"column":51}},"type":"if","locations":[{"start":{"line":21,"column":6},"end":{"line":21,"column":51}},{"start":{"line":21,"column":6},"end":{"line":21,"column":51}}],"line":21},"2":{"loc":{"start":{"line":61,"column":8},"end":{"line":65,"column":9}},"type":"if","locations":[{"start":{"line":61,"column":8},"end":{"line":65,"column":9}},{"start":{"line":61,"column":8},"end":{"line":65,"column":9}}],"line":61},"3":{"loc":{"start":{"line":76,"column":8},"end":{"line":78,"column":9}},"type":"if","locations":[{"start":{"line":76,"column":8},"end":{"line":78,"column":9}},{"start":{"line":76,"column":8},"end":{"line":78,"column":9}}],"line":76},"4":{"loc":{"start":{"line":86,"column":12},"end":{"line":88,"column":13}},"type":"if","locations":[{"start":{"line":86,"column":12},"end":{"line":88,"column":13}},{"start":{"line":86,"column":12},"end":{"line":88,"column":13}}],"line":86}},"s":{"0":1,"1":1,"2":2,"3":2,"4":1,"5":1,"6":2,"7":2,"8":2,"9":1,"10":1,"11":1,"12":4,"13":1,"14":1,"15":1,"16":1,"17":2,"18":2,"19":1,"20":2,"21":3,"22":3,"23":1,"24":3,"25":2,"26":2,"27":1,"28":1},"f":{"0":2,"1":2,"2":4,"3":1,"4":2,"5":3,"6":2},"b":{"0":[1,1],"1":[1,1],"2":[1,1],"3":[1,2],"4":[1,1]},"_coverageSchema":"332fd63041d2c1bcb487cc26dd0d5f7d97098a6c","hash":"61e9bc0c7460db55d5ca9a742ee048706834432f"}
,"C:\\dev\\provisioning-api\\src\\utils\\saml.js": {"path":"C:\\dev\\provisioning-api\\src\\utils\\saml.js","statementMap":{"0":{"start":{"line":5,"column":18},"end":{"line":5,"column":70}},"1":{"start":{"line":6,"column":19},"end":{"line":6,"column":73}}},"fnMap":{},"branchMap":{},"s":{"0":1,"1":1},"f":{},"b":{},"_coverageSchema":"332fd63041d2c1bcb487cc26dd0d5f7d97098a6c","hash":"2c3ad6238d20c9167d6a8bfe7007b0ff32a59deb"}
}
