{"C:\\dev\\provisioning-api\\src\\index.js": {"path":"C:\\dev\\provisioning-api\\src\\index.js","statementMap":{"0":{"start":{"line":11,"column":0},"end":{"line":11,"column":22}},"1":{"start":{"line":12,"column":12},"end":{"line":12,"column":21}},"2":{"start":{"line":13,"column":0},"end":{"line":13,"column":24}},"3":{"start":{"line":14,"column":0},"end":{"line":14,"column":52}},"4":{"start":{"line":15,"column":0},"end":{"line":15,"column":26}},"5":{"start":{"line":16,"column":0},"end":{"line":16,"column":57}},"6":{"start":{"line":19,"column":0},"end":{"line":19,"column":51}},"7":{"start":{"line":20,"column":0},"end":{"line":20,"column":41}},"8":{"start":{"line":21,"column":0},"end":{"line":21,"column":44}},"9":{"start":{"line":22,"column":0},"end":{"line":22,"column":49}},"10":{"start":{"line":23,"column":0},"end":{"line":23,"column":43}},"11":{"start":{"line":25,"column":0},"end":{"line":25,"column":44}},"12":{"start":{"line":25,"column":27},"end":{"line":25,"column":42}},"13":{"start":{"line":27,"column":0},"end":{"line":27,"column":25}},"14":{"start":{"line":28,"column":0},"end":{"line":28,"column":41}}},"fnMap":{"0":{"name":"(anonymous_0)","decl":{"start":{"line":25,"column":13},"end":{"line":25,"column":14}},"loc":{"start":{"line":25,"column":27},"end":{"line":25,"column":42}},"line":25}},"branchMap":{},"s":{"0":1,"1":1,"2":1,"3":1,"4":1,"5":1,"6":1,"7":1,"8":1,"9":1,"10":1,"11":1,"12":1,"13":1,"14":1},"f":{"0":1},"b":{},"_coverageSchema":"332fd63041d2c1bcb487cc26dd0d5f7d97098a6c","hash":"840870c1689720c1c4c76fc24c72cb013271c7c4"}
,"C:\\dev\\provisioning-api\\src\\controllers\\index.js": {"path":"C:\\dev\\provisioning-api\\src\\controllers\\index.js","statementMap":{},"fnMap":{},"branchMap":{},"s":{},"f":{},"b":{},"_coverageSchema":"332fd63041d2c1bcb487cc26dd0d5f7d97098a6c","hash":"b7c767a0152ca9995e96192d8bc9c0339a1a7b83"}
,"C:\\dev\\provisioning-api\\src\\controllers\\serviceProvider.js": {"path":"C:\\dev\\provisioning-api\\src\\controllers\\serviceProvider.js","statementMap":{"0":{"start":{"line":9,"column":4},"end":{"line":9,"column":32}},"1":{"start":{"line":10,"column":4},"end":{"line":10,"column":35}},"2":{"start":{"line":13,"column":4},"end":{"line":16,"column":7}},"3":{"start":{"line":14,"column":6},"end":{"line":14,"column":51}},"4":{"start":{"line":14,"column":24},"end":{"line":14,"column":51}},"5":{"start":{"line":15,"column":6},"end":{"line":15,"column":36}},"6":{"start":{"line":19,"column":20},"end":{"line":19,"column":46}},"7":{"start":{"line":20,"column":4},"end":{"line":53,"column":7}},"8":{"start":{"line":21,"column":6},"end":{"line":21,"column":51}},"9":{"start":{"line":21,"column":24},"end":{"line":21,"column":51}},"10":{"start":{"line":24,"column":29},"end":{"line":24,"column":31}},"11":{"start":{"line":25,"column":6},"end":{"line":27,"column":9}},"12":{"start":{"line":26,"column":8},"end":{"line":26,"column":38}},"13":{"start":{"line":30,"column":6},"end":{"line":52,"column":9}},"14":{"start":{"line":37,"column":22},"end":{"line":46,"column":9}},"15":{"start":{"line":47,"column":8},"end":{"line":50,"column":11}},"16":{"start":{"line":51,"column":8},"end":{"line":51,"column":50}},"17":{"start":{"line":56,"column":4},"end":{"line":67,"column":6}},"18":{"start":{"line":61,"column":8},"end":{"line":64,"column":9}},"19":{"start":{"line":62,"column":10},"end":{"line":62,"column":30}},"20":{"start":{"line":63,"column":10},"end":{"line":63,"column":69}},"21":{"start":{"line":65,"column":8},"end":{"line":65,"column":26}},"22":{"start":{"line":70,"column":4},"end":{"line":92,"column":6}},"23":{"start":{"line":75,"column":8},"end":{"line":77,"column":9}},"24":{"start":{"line":76,"column":10},"end":{"line":76,"column":53}},"25":{"start":{"line":79,"column":8},"end":{"line":79,"column":71}},"26":{"start":{"line":81,"column":8},"end":{"line":90,"column":10}},"27":{"start":{"line":85,"column":12},"end":{"line":87,"column":13}},"28":{"start":{"line":86,"column":14},"end":{"line":86,"column":41}},"29":{"start":{"line":88,"column":12},"end":{"line":88,"column":43}}},"fnMap":{"0":{"name":"(anonymous_0)","decl":{"start":{"line":13,"column":41},"end":{"line":13,"column":42}},"loc":{"start":{"line":13,"column":60},"end":{"line":16,"column":5}},"line":13},"1":{"name":"(anonymous_1)","decl":{"start":{"line":20,"column":33},"end":{"line":20,"column":34}},"loc":{"start":{"line":20,"column":56},"end":{"line":53,"column":5}},"line":20},"2":{"name":"(anonymous_2)","decl":{"start":{"line":25,"column":59},"end":{"line":25,"column":60}},"loc":{"start":{"line":25,"column":77},"end":{"line":27,"column":7}},"line":25},"3":{"name":"(anonymous_3)","decl":{"start":{"line":35,"column":16},"end":{"line":35,"column":17}},"loc":{"start":{"line":35,"column":24},"end":{"line":52,"column":7}},"line":35},"4":{"name":"(anonymous_4)","decl":{"start":{"line":60,"column":6},"end":{"line":60,"column":7}},"loc":{"start":{"line":60,"column":24},"end":{"line":66,"column":7}},"line":60},"5":{"name":"(anonymous_5)","decl":{"start":{"line":74,"column":6},"end":{"line":74,"column":7}},"loc":{"start":{"line":74,"column":24},"end":{"line":91,"column":7}},"line":74},"6":{"name":"(anonymous_6)","decl":{"start":{"line":84,"column":10},"end":{"line":84,"column":11}},"loc":{"start":{"line":84,"column":32},"end":{"line":89,"column":11}},"line":84}},"branchMap":{"0":{"loc":{"start":{"line":14,"column":6},"end":{"line":14,"column":51}},"type":"if","locations":[{"start":{"line":14,"column":6},"end":{"line":14,"column":51}},{"start":{"line":14,"column":6},"end":{"line":14,"column":51}}],"line":14},"1":{"loc":{"start":{"line":21,"column":6},"end":{"line":21,"column":51}},"type":"if","locations":[{"start":{"line":21,"column":6},"end":{"line":21,"column":51}},{"start":{"line":21,"column":6},"end":{"line":21,"column":51}}],"line":21},"2":{"loc":{"start":{"line":61,"column":8},"end":{"line":64,"column":9}},"type":"if","locations":[{"start":{"line":61,"column":8},"end":{"line":64,"column":9}},{"start":{"line":61,"column":8},"end":{"line":64,"column":9}}],"line":61},"3":{"loc":{"start":{"line":75,"column":8},"end":{"line":77,"column":9}},"type":"if","locations":[{"start":{"line":75,"column":8},"end":{"line":77,"column":9}},{"start":{"line":75,"column":8},"end":{"line":77,"column":9}}],"line":75},"4":{"loc":{"start":{"line":85,"column":12},"end":{"line":87,"column":13}},"type":"if","locations":[{"start":{"line":85,"column":12},"end":{"line":87,"column":13}},{"start":{"line":85,"column":12},"end":{"line":87,"column":13}}],"line":85}},"s":{"0":1,"1":1,"2":2,"3":2,"4":1,"5":1,"6":2,"7":2,"8":2,"9":1,"10":1,"11":1,"12":4,"13":1,"14":1,"15":1,"16":1,"17":2,"18":2,"19":1,"20":1,"21":1,"22":3,"23":3,"24":1,"25":3,"26":2,"27":2,"28":1,"29":1},"f":{"0":2,"1":2,"2":4,"3":1,"4":2,"5":3,"6":2},"b":{"0":[1,1],"1":[1,1],"2":[1,1],"3":[1,2],"4":[1,1]},"_coverageSchema":"332fd63041d2c1bcb487cc26dd0d5f7d97098a6c","hash":"21982474cf92e622d5078715571c3ca549fa6123"}
,"C:\\dev\\provisioning-api\\src\\models\\index.js": {"path":"C:\\dev\\provisioning-api\\src\\models\\index.js","statementMap":{"0":{"start":{"line":1,"column":30},"end":{"line":1,"column":50}},"1":{"start":{"line":1,"column":69},"end":{"line":1,"column":103}},"2":{"start":{"line":3,"column":12},"end":{"line":3,"column":29}},"3":{"start":{"line":3,"column":43},"end":{"line":3,"column":72}},"4":{"start":{"line":4,"column":14},"end":{"line":4,"column":34}},"5":{"start":{"line":4,"column":50},"end":{"line":4,"column":81}},"6":{"start":{"line":4,"column":120},"end":{"line":4,"column":174}},"7":{"start":{"line":6,"column":16},"end":{"line":10,"column":26}},"8":{"start":{"line":13,"column":9},"end":{"line":14,"column":50}},"9":{"start":{"line":17,"column":0},"end":{"line":21,"column":3}},"10":{"start":{"line":18,"column":2},"end":{"line":20,"column":3}},"11":{"start":{"line":19,"column":4},"end":{"line":19,"column":32}},"12":{"start":{"line":23,"column":0},"end":{"line":23,"column":25}},"13":{"start":{"line":24,"column":0},"end":{"line":24,"column":35}},"14":{"start":{"line":26,"column":0},"end":{"line":26,"column":20}}},"fnMap":{"0":{"name":"_interopRequireDefault","decl":{"start":{"line":4,"column":91},"end":{"line":4,"column":113}},"loc":{"start":{"line":4,"column":119},"end":{"line":4,"column":175}}},"1":{"name":"(anonymous_1)","decl":{"start":{"line":17,"column":24},"end":{"line":17,"column":25}},"loc":{"start":{"line":17,"column":45},"end":{"line":21,"column":1}}}},"branchMap":{"0":{"loc":{"start":{"line":4,"column":127},"end":{"line":4,"column":173}},"type":"cond-expr","locations":[{"start":{"line":4,"column":151},"end":{"line":4,"column":154}},{"start":{"line":4,"column":157},"end":{"line":4,"column":173}}]},"1":{"loc":{"start":{"line":4,"column":127},"end":{"line":4,"column":148}},"type":"binary-expr","locations":[{"start":{"line":4,"column":127},"end":{"line":4,"column":130}},{"start":{"line":4,"column":134},"end":{"line":4,"column":148}}]},"2":{"loc":{"start":{"line":18,"column":2},"end":{"line":20,"column":3}},"type":"if","locations":[{"start":{"line":18,"column":2},"end":{"line":20,"column":3}},{"start":{"line":18,"column":2},"end":{"line":20,"column":3}}]}},"s":{"0":0,"1":0,"2":0,"3":0,"4":0,"5":0,"6":0,"7":0,"8":0,"9":0,"10":0,"11":0,"12":0,"13":0,"14":0},"f":{"0":0,"1":0},"b":{"0":[0,0],"1":[0,0],"2":[0,0]}}
,"C:\\dev\\provisioning-api\\src\\models\\user.js": {"path":"C:\\dev\\provisioning-api\\src\\models\\user.js","statementMap":{"0":{"start":{"line":1,"column":13},"end":{"line":12,"column":2}},"1":{"start":{"line":2,"column":13},"end":{"line":9,"column":32}},"2":{"start":{"line":11,"column":2},"end":{"line":11,"column":14}}},"fnMap":{"0":{"name":"(anonymous_0)","decl":{"start":{"line":1,"column":30},"end":{"line":1,"column":31}},"loc":{"start":{"line":1,"column":62},"end":{"line":12,"column":1}}}},"branchMap":{},"s":{"0":0,"1":0,"2":0},"f":{"0":0},"b":{}}
,"C:\\dev\\provisioning-api\\src\\utils\\index.js": {"path":"C:\\dev\\provisioning-api\\src\\utils\\index.js","statementMap":{"0":{"start":{"line":1,"column":13},"end":{"line":1,"column":75}},"1":{"start":{"line":1,"column":97},"end":{"line":1,"column":125}},"2":{"start":{"line":1,"column":126},"end":{"line":1,"column":346}},"3":{"start":{"line":1,"column":179},"end":{"line":1,"column":233}},"4":{"start":{"line":1,"column":226},"end":{"line":1,"column":233}},"5":{"start":{"line":1,"column":233},"end":{"line":1,"column":343}},"6":{"start":{"line":1,"column":310},"end":{"line":1,"column":338}}},"fnMap":{"0":{"name":"(anonymous_0)","decl":{"start":{"line":1,"column":163},"end":{"line":1,"column":164}},"loc":{"start":{"line":1,"column":178},"end":{"line":1,"column":344}}},"1":{"name":"get","decl":{"start":{"line":1,"column":303},"end":{"line":1,"column":306}},"loc":{"start":{"line":1,"column":309},"end":{"line":1,"column":339}}}},"branchMap":{"0":{"loc":{"start":{"line":1,"column":179},"end":{"line":1,"column":233}},"type":"if","locations":[{"start":{"line":1,"column":179},"end":{"line":1,"column":233}},{"start":{"line":1,"column":179},"end":{"line":1,"column":233}}]},"1":{"loc":{"start":{"line":1,"column":183},"end":{"line":1,"column":224}},"type":"binary-expr","locations":[{"start":{"line":1,"column":183},"end":{"line":1,"column":200}},{"start":{"line":1,"column":204},"end":{"line":1,"column":224}}]}},"s":{"0":0,"1":0,"2":0,"3":0,"4":0,"5":0,"6":0},"f":{"0":0,"1":0},"b":{"0":[0,0],"1":[0,0]}}
,"C:\\dev\\provisioning-api\\src\\utils\\lambda-response.js": {"path":"C:\\dev\\provisioning-api\\src\\utils\\lambda-response.js","statementMap":{"0":{"start":{"line":1,"column":13},"end":{"line":1,"column":75}},"1":{"start":{"line":1,"column":75},"end":{"line":16,"column":30}},"2":{"start":{"line":16,"column":30},"end":{"line":23,"column":38}},"3":{"start":{"line":23,"column":38},"end":{"line":31,"column":34}},"4":{"start":{"line":31,"column":34},"end":{"line":38,"column":42}},"5":{"start":{"line":38,"column":84},"end":{"line":38,"column":93}},"6":{"start":{"line":38,"column":107},"end":{"line":38,"column":122}},"7":{"start":{"line":38,"column":140},"end":{"line":38,"column":154}},"8":{"start":{"line":38,"column":167},"end":{"line":38,"column":220}},"9":{"start":{"line":38,"column":236},"end":{"line":38,"column":290}},"10":{"start":{"line":38,"column":291},"end":{"line":38,"column":366}},"11":{"start":{"line":38,"column":307},"end":{"line":38,"column":365}},"12":{"start":{"line":38,"column":366},"end":{"line":38,"column":382}},"13":{"start":{"line":38,"column":413},"end":{"line":38,"column":468}},"14":{"start":{"line":38,"column":503},"end":{"line":38,"column":575}},"15":{"start":{"line":38,"column":608},"end":{"line":38,"column":663}},"16":{"start":{"line":39,"column":2},"end":{"line":42,"column":23}}},"fnMap":{"0":{"name":"lambdaResponse","decl":{"start":{"line":38,"column":51},"end":{"line":38,"column":65}},"loc":{"start":{"line":38,"column":72},"end":{"line":38,"column":383}}},"1":{"name":"errorResponse","decl":{"start":{"line":38,"column":392},"end":{"line":38,"column":405}},"loc":{"start":{"line":38,"column":412},"end":{"line":38,"column":469}}},"2":{"name":"corsErrorResponse","decl":{"start":{"line":38,"column":478},"end":{"line":38,"column":495}},"loc":{"start":{"line":38,"column":502},"end":{"line":38,"column":576}}},"3":{"name":"successResponse","decl":{"start":{"line":38,"column":585},"end":{"line":38,"column":600}},"loc":{"start":{"line":38,"column":607},"end":{"line":38,"column":664}}},"4":{"name":"corsSuccessResponse","decl":{"start":{"line":38,"column":673},"end":{"line":38,"column":692}},"loc":{"start":{"line":38,"column":699},"end":{"line":44,"column":1}}}},"branchMap":{"0":{"loc":{"start":{"line":38,"column":167},"end":{"line":38,"column":220}},"type":"cond-expr","locations":[{"start":{"line":38,"column":198},"end":{"line":38,"column":203}},{"start":{"line":38,"column":206},"end":{"line":38,"column":220}}]},"1":{"loc":{"start":{"line":38,"column":291},"end":{"line":38,"column":366}},"type":"if","locations":[{"start":{"line":38,"column":291},"end":{"line":38,"column":366}},{"start":{"line":38,"column":291},"end":{"line":38,"column":366}}]}},"s":{"0":0,"1":0,"2":0,"3":0,"4":0,"5":0,"6":0,"7":0,"8":0,"9":0,"10":0,"11":0,"12":0,"13":0,"14":0,"15":0,"16":0},"f":{"0":0,"1":0,"2":0,"3":0,"4":0},"b":{"0":[0,0],"1":[0,0]}}
,"C:\\dev\\provisioning-api\\src\\utils\\saml.js": {"path":"C:\\dev\\provisioning-api\\src\\utils\\saml.js","statementMap":{"0":{"start":{"line":1,"column":13},"end":{"line":1,"column":75}},"1":{"start":{"line":1,"column":75},"end":{"line":1,"column":112}},"2":{"start":{"line":1,"column":127},"end":{"line":1,"column":146}},"3":{"start":{"line":1,"column":163},"end":{"line":1,"column":195}},"4":{"start":{"line":3,"column":14},"end":{"line":3,"column":34}},"5":{"start":{"line":3,"column":50},"end":{"line":3,"column":81}},"6":{"start":{"line":3,"column":120},"end":{"line":3,"column":174}},"7":{"start":{"line":5,"column":9},"end":{"line":5,"column":96}},"8":{"start":{"line":6,"column":10},"end":{"line":6,"column":100}}},"fnMap":{"0":{"name":"_interopRequireDefault","decl":{"start":{"line":3,"column":91},"end":{"line":3,"column":113}},"loc":{"start":{"line":3,"column":119},"end":{"line":3,"column":175}}}},"branchMap":{"0":{"loc":{"start":{"line":3,"column":127},"end":{"line":3,"column":173}},"type":"cond-expr","locations":[{"start":{"line":3,"column":151},"end":{"line":3,"column":154}},{"start":{"line":3,"column":157},"end":{"line":3,"column":173}}]},"1":{"loc":{"start":{"line":3,"column":127},"end":{"line":3,"column":148}},"type":"binary-expr","locations":[{"start":{"line":3,"column":127},"end":{"line":3,"column":130}},{"start":{"line":3,"column":134},"end":{"line":3,"column":148}}]}},"s":{"0":0,"1":0,"2":0,"3":0,"4":0,"5":0,"6":0,"7":0,"8":0},"f":{"0":0},"b":{"0":[0,0],"1":[0,0]}}
}
