TN:
SF:C:\dev\provisioning-api\src\index.js
FN:25,(anonymous_0)
FNF:1
FNH:1
FNDA:1,(anonymous_0)
DA:11,1
DA:12,1
DA:13,1
DA:14,1
DA:15,1
DA:16,1
DA:19,1
DA:20,1
DA:21,1
DA:22,1
DA:23,1
DA:25,1
DA:27,1
DA:28,1
LF:14
LH:14
BRF:0
BRH:0
end_of_record
TN:
SF:C:\dev\provisioning-api\src\controllers\index.js
FNF:0
FNH:0
LF:0
LH:0
BRF:0
BRH:0
end_of_record
TN:
SF:C:\dev\provisioning-api\src\controllers\serviceProvider.js
FN:13,(anonymous_0)
FN:20,(anonymous_1)
FN:25,(anonymous_2)
FN:35,(anonymous_3)
FN:60,(anonymous_4)
FN:74,(anonymous_5)
FN:84,(anonymous_6)
FNF:7
FNH:7
FNDA:2,(anonymous_0)
FNDA:2,(anonymous_1)
FNDA:4,(anonymous_2)
FNDA:1,(anonymous_3)
FNDA:2,(anonymous_4)
FNDA:3,(anonymous_5)
FNDA:2,(anonymous_6)
DA:9,1
DA:10,1
DA:13,2
DA:14,2
DA:15,1
DA:19,2
DA:20,2
DA:21,2
DA:24,1
DA:25,1
DA:26,4
DA:30,1
DA:37,1
DA:47,1
DA:51,1
DA:56,2
DA:61,2
DA:62,1
DA:63,1
DA:65,1
DA:70,3
DA:75,3
DA:76,1
DA:79,3
DA:81,2
DA:85,2
DA:86,1
DA:88,1
LF:28
LH:28
BRDA:14,0,0,1
BRDA:14,0,1,1
BRDA:21,1,0,1
BRDA:21,1,1,1
BRDA:61,2,0,1
BRDA:61,2,1,1
BRDA:75,3,0,1
BRDA:75,3,1,2
BRDA:85,4,0,1
BRDA:85,4,1,1
BRF:10
BRH:10
end_of_record
TN:
SF:C:\dev\provisioning-api\src\models\index.js
FN:4,_interopRequireDefault
FN:17,(anonymous_1)
FNF:2
FNH:0
FNDA:0,_interopRequireDefault
FNDA:0,(anonymous_1)
DA:1,0
DA:3,0
DA:4,0
DA:6,0
DA:13,0
DA:17,0
DA:18,0
DA:19,0
DA:23,0
DA:24,0
DA:26,0
LF:11
LH:0
BRDA:4,0,0,0
BRDA:4,0,1,0
BRDA:4,1,0,0
BRDA:4,1,1,0
BRDA:18,2,0,0
BRDA:18,2,1,0
BRF:6
BRH:0
end_of_record
TN:
SF:C:\dev\provisioning-api\src\models\user.js
FN:1,(anonymous_0)
FNF:1
FNH:0
FNDA:0,(anonymous_0)
DA:1,0
DA:2,0
DA:11,0
LF:3
LH:0
BRF:0
BRH:0
end_of_record
TN:
SF:C:\dev\provisioning-api\src\utils\index.js
FN:1,(anonymous_0)
FN:1,get
FNF:2
FNH:0
FNDA:0,(anonymous_0)
FNDA:0,get
DA:1,0
LF:1
LH:0
BRDA:1,0,0,0
BRDA:1,0,1,0
BRDA:1,1,0,0
BRDA:1,1,1,0
BRF:4
BRH:0
end_of_record
TN:
SF:C:\dev\provisioning-api\src\utils\lambda-response.js
FN:38,lambdaResponse
FN:38,errorResponse
FN:38,corsErrorResponse
FN:38,successResponse
FN:38,corsSuccessResponse
FNF:5
FNH:0
FNDA:0,lambdaResponse
FNDA:0,errorResponse
FNDA:0,corsErrorResponse
FNDA:0,successResponse
FNDA:0,corsSuccessResponse
DA:1,0
DA:16,0
DA:23,0
DA:31,0
DA:38,0
DA:39,0
LF:6
LH:0
BRDA:38,0,0,0
BRDA:38,0,1,0
BRDA:38,1,0,0
BRDA:38,1,1,0
BRF:4
BRH:0
end_of_record
TN:
SF:C:\dev\provisioning-api\src\utils\saml.js
FN:3,_interopRequireDefault
FNF:1
FNH:0
FNDA:0,_interopRequireDefault
DA:1,0
DA:3,0
DA:5,0
DA:6,0
LF:4
LH:0
BRDA:3,0,0,0
BRDA:3,0,1,0
BRDA:3,1,0,0
BRDA:3,1,1,0
BRF:4
BRH:0
end_of_record
