TN:
SF:C:\dev\provisioning-api\src\index.js
FN:25,(anonymous_0)
FNF:1
FNH:1
FNDA:1,(anonymous_0)
DA:11,1
DA:12,1
DA:13,1
DA:14,1
DA:15,1
DA:16,1
DA:19,1
DA:20,1
DA:21,1
DA:22,1
DA:23,1
DA:25,1
DA:27,1
DA:28,1
LF:14
LH:14
BRF:0
BRH:0
end_of_record
TN:
SF:C:\dev\provisioning-api\src\controllers\index.js
FNF:0
FNH:0
LF:0
LH:0
BRF:0
BRH:0
end_of_record
TN:
SF:C:\dev\provisioning-api\src\controllers\serviceProvider.js
FN:13,(anonymous_0)
FN:20,(anonymous_1)
FN:25,(anonymous_2)
FN:35,(anonymous_3)
FN:60,(anonymous_4)
FN:75,(anonymous_5)
FN:85,(anonymous_6)
FNF:7
FNH:7
FNDA:2,(anonymous_0)
FNDA:2,(anonymous_1)
FNDA:4,(anonymous_2)
FNDA:1,(anonymous_3)
FNDA:2,(anonymous_4)
FNDA:3,(anonymous_5)
FNDA:2,(anonymous_6)
DA:9,1
DA:10,1
DA:13,2
DA:14,2
DA:15,1
DA:19,2
DA:20,2
DA:21,2
DA:24,1
DA:25,1
DA:26,4
DA:30,1
DA:37,1
DA:47,1
DA:51,1
DA:56,2
DA:61,2
DA:62,1
DA:66,2
DA:71,3
DA:76,3
DA:77,1
DA:80,3
DA:82,2
DA:86,2
DA:87,1
DA:89,1
LF:27
LH:27
BRDA:14,0,0,1
BRDA:14,0,1,1
BRDA:21,1,0,1
BRDA:21,1,1,1
BRDA:61,2,0,1
BRDA:61,2,1,1
BRDA:76,3,0,1
BRDA:76,3,1,2
BRDA:86,4,0,1
BRDA:86,4,1,1
BRF:10
BRH:10
end_of_record
TN:
SF:C:\dev\provisioning-api\src\utils\saml.js
FNF:0
FNH:0
DA:5,1
DA:6,1
LF:2
LH:2
BRF:0
BRH:0
end_of_record
